<?xml version="1.0" encoding="UTF-8"?>
<testsuite xmlns:xsi="http://www.w3.org/2001/XMLSchema-instance" xsi:noNamespaceSchemaLocation="https://maven.apache.org/surefire/maven-surefire-plugin/xsd/surefire-test-report-3.0.xsd" version="3.0" name="com.tiendafiel.fidelidad.MainTest" time="0.151" tests="22" errors="0" skipped="0" failures="0">
  <properties>
[...]
</properties>
  <testcase name="testListarClientes" classname="com.tiendafiel.fidelidad.MainTest" time="0.038"/>
  <testcase name="testFechaNulaLanzaExcepcion" classname="com.tiendafiel.fidelidad.MainTest" time="0.004"/>
  <testcase name="testActualizarClienteInexistente" classname="com.tiendafiel.fidelidad.MainTest" time="0.003"/>
  <testcase name="testCorreoNuloLanzaExcepcion" classname="com.tiendafiel.fidelidad.MainTest" time="0.002"/>
  <testcase name="testGetIdClienteConClienteCreado" classname="com.tiendafiel.fidelidad.MainTest" time="0.001"/>
  <testcase name="testSubeAOroExactamente1500" classname="com.tiendafiel.fidelidad.MainTest" time="0.005"/>
  <testcase name="testRegistrarCompraClienteOro" classname="com.tiendafiel.fidelidad.MainTest" time="0.002"/>
  <testcase name="testBonificacionPorStreakTresComprasMismoDia" classname="com.tiendafiel.fidelidad.MainTest" time="0.002"/>
  <testcase name="testRegistrarCompraClientePlata" classname="com.tiendafiel.fidelidad.MainTest" time="0.001"/>
  <testcase name="testMontoNegativoLanzaExcepcion" classname="com.tiendafiel.fidelidad.MainTest" time="0.002"/>
  <testcase name="testRegistrarCompraClienteInexistente" classname="com.tiendafiel.fidelidad.MainTest" time="0.001"/>
  <testcase name="testCrearClienteCorreoInvalido" classname="com.tiendafiel.fidelidad.MainTest" time="0.003"/>
  <testcase name="testFechaVaciaLanzaExcepcion" classname="com.tiendafiel.fidelidad.MainTest" time="0.003"/>
  <testcase name="testEliminarClienteExistente" classname="com.tiendafiel.fidelidad.MainTest" time="0.002"/>
  <testcase name="testRegistrarCompraClientePlatino" classname="com.tiendafiel.fidelidad.MainTest" time="0.001"/>
  <testcase name="testActualizarClienteExistente" classname="com.tiendafiel.fidelidad.MainTest" time="0.002"/>
  <testcase name="testSubeAPlatinoExactamente3000" classname="com.tiendafiel.fidelidad.MainTest" time="0.0"/>
  <testcase name="testRegistrarCompraClienteBronce" classname="com.tiendafiel.fidelidad.MainTest" time="0.001"/>
  <testcase name="testAgregarClienteValido" classname="com.tiendafiel.fidelidad.MainTest" time="0.001"/>
  <testcase name="testListarComprasRegistradas" classname="com.tiendafiel.fidelidad.MainTest" time="0.003"/>
  <testcase name="testSubeAPlataExactamente500" classname="com.tiendafiel.fidelidad.MainTest" time="0.001"/>
  <testcase name="testMainMenuExecutionWithExit" classname="com.tiendafiel.fidelidad.MainTest" time="0.006">
    <system-out><![CDATA[
======= Sistema de Fidelidad ========

1. Gestión de Clientes
2. Gestión de Compras
3. Mostrar Puntos / Nivel de un Cliente
4. Salir

Seleccione una opción: 
Hasta la próxima!
]]></system-out>
  </testcase>
</testsuite>