GROUP,PACKAGE,CLASS,INSTRUCTION_MISSED,INSTRUCTION_COVERED,BRANCH_MISSED,BRANCH_COVERED,LINE_MISSED,LINE_COVERED,COMPLEXITY_MISSED,COMPLEXITY_COVERED,METHOD_MISSED,METHOD_COVERED
fidelidad,com.tiendafiel.fidelidad.models,Compra,0,53,0,6,0,15,0,9,0,6
fidelidad,com.tiendafiel.fidelidad.models,Cliente,0,153,0,16,0,40,0,25,0,17
fidelidad,com.tiendafiel.fidelidad.repositories,ClienteRepository,0,51,0,2,0,13,0,7,0,6
fidelidad,com.tiendafiel.fidelidad.repositories,CompraRepository,0,28,0,0,0,6,0,4,0,4
fidelidad,com.tiendafiel.fidelidad.services,CompraServices,0,56,0,4,0,16,0,4,0,2
fidelidad,com.tiendafiel.fidelidad,Main,544,0,49,0,168,0,37,0,7,0
